<?xml version="1.0" encoding="UTF-8"?>
<!-- Generated by org.testng.reporters.JUnitXMLReporter -->
<testsuite hostname="DESKTOP-7NGP1S7" ignored="0" name="Test" tests="6" failures="1" timestamp="2021-10-04T09:04:02 IST" time="15.798" errors="0">
  <testcase name="verifyDefaultTab" time="0.279" classname="oracle.assignment.DockerTests"/>
  <testcase name="applyFilter" time="2.176" classname="oracle.assignment.DockerTests"/>
  <testcase name="additionalFilter" time="4.308" classname="oracle.assignment.DockerTests"/>
  <testcase name="removeFilter" time="2.166" classname="oracle.assignment.DockerTests"/>
  <testcase name="failingTest" time="0.002" classname="oracle.assignment.DockerTests">
    <failure type="java.lang.AssertionError" message="null">
      <![CDATA[java.lang.AssertionError: null
at oracle.assignment.DockerTests.failingTest(DockerTests.java:131)
at java.util.ArrayList.forEach(ArrayList.java:1257)
... Removed 29 stack frames]]>
    </failure>
  </testcase> <!-- failingTest -->
  <testcase name="skippedTest" time="0.003" classname="oracle.assignment.DockerTests">
    <skipped/>
  </testcase> <!-- skippedTest -->
</testsuite> <!-- Test -->
