<?xml version="1.0" encoding="UTF-8"?>
<testng-results skipped="1" failed="1" ignored="0" total="6" passed="4">
  <reporter-output>
  </reporter-output>
  <suite name="Suite" duration-ms="16289" started-at="2021-10-04T08:39:20 IST" finished-at="2021-10-04T08:39:37 IST">
    <groups>
    </groups>
    <test name="Test" duration-ms="16289" started-at="2021-10-04T08:39:20 IST" finished-at="2021-10-04T08:39:37 IST">
      <class name="oracle.assignment.DockerTests">
        <test-method status="PASS" signature="setup()[pri:0, instance:oracle.assignment.DockerTests@6a192cfe]" name="setup" is-config="true" duration-ms="8350" started-at="2021-10-04T08:39:20 IST" finished-at="2021-10-04T08:39:29 IST">
          <reporter-output>
          </reporter-output>
        </test-method> <!-- setup -->
        <test-method status="PASS" signature="verifyDefaultTab()[pri:1, instance:oracle.assignment.DockerTests@6a192cfe]" name="verifyDefaultTab" duration-ms="432" started-at="2021-10-04T08:39:29 IST" finished-at="2021-10-04T08:39:29 IST">
          <reporter-output>
          </reporter-output>
        </test-method> <!-- verifyDefaultTab -->
        <test-method status="PASS" signature="applyFilter()[pri:2, instance:oracle.assignment.DockerTests@6a192cfe]" name="applyFilter" duration-ms="2225" started-at="2021-10-04T08:39:29 IST" finished-at="2021-10-04T08:39:32 IST">
          <reporter-output>
          </reporter-output>
        </test-method> <!-- applyFilter -->
        <test-method status="PASS" signature="additionalFilter()[pri:3, instance:oracle.assignment.DockerTests@6a192cfe]" name="additionalFilter" duration-ms="4328" started-at="2021-10-04T08:39:32 IST" finished-at="2021-10-04T08:39:36 IST">
          <reporter-output>
          </reporter-output>
        </test-method> <!-- additionalFilter -->
        <test-method status="PASS" signature="removeFilter()[pri:4, instance:oracle.assignment.DockerTests@6a192cfe]" name="removeFilter" duration-ms="132" started-at="2021-10-04T08:39:36 IST" finished-at="2021-10-04T08:39:36 IST">
          <reporter-output>
          </reporter-output>
        </test-method> <!-- removeFilter -->
        <test-method status="FAIL" signature="failingTest()[pri:5, instance:oracle.assignment.DockerTests@6a192cfe]" name="failingTest" duration-ms="3" started-at="2021-10-04T08:39:36 IST" finished-at="2021-10-04T08:39:36 IST">
          <exception class="java.lang.AssertionError">
            <message>
              <![CDATA[null]]>
            </message>
            <full-stacktrace>
              <![CDATA[java.lang.AssertionError: null
at org.testng.Assert.fail(Assert.java:99)
at org.testng.Assert.fail(Assert.java:106)
at oracle.assignment.DockerTests.failingTest(DockerTests.java:131)
at sun.reflect.NativeMethodAccessorImpl.invoke0(Native Method)
at sun.reflect.NativeMethodAccessorImpl.invoke(NativeMethodAccessorImpl.java:62)
at sun.reflect.DelegatingMethodAccessorImpl.invoke(DelegatingMethodAccessorImpl.java:43)
at java.lang.reflect.Method.invoke(Method.java:498)
at org.testng.internal.MethodInvocationHelper.invokeMethod(MethodInvocationHelper.java:133)
at org.testng.internal.TestInvoker.invokeMethod(TestInvoker.java:598)
at org.testng.internal.TestInvoker.invokeTestMethod(TestInvoker.java:173)
at org.testng.internal.MethodRunner.runInSequence(MethodRunner.java:46)
at org.testng.internal.TestInvoker$MethodInvocationAgent.invoke(TestInvoker.java:824)
at org.testng.internal.TestInvoker.invokeTestMethods(TestInvoker.java:146)
at org.testng.internal.TestMethodWorker.invokeTestMethods(TestMethodWorker.java:146)
at org.testng.internal.TestMethodWorker.run(TestMethodWorker.java:128)
at java.util.ArrayList.forEach(ArrayList.java:1257)
at org.testng.TestRunner.privateRun(TestRunner.java:794)
at org.testng.TestRunner.run(TestRunner.java:596)
at org.testng.SuiteRunner.runTest(SuiteRunner.java:377)
at org.testng.SuiteRunner.runSequentially(SuiteRunner.java:371)
at org.testng.SuiteRunner.privateRun(SuiteRunner.java:332)
at org.testng.SuiteRunner.run(SuiteRunner.java:276)
at org.testng.SuiteRunnerWorker.runSuite(SuiteRunnerWorker.java:53)
at org.testng.SuiteRunnerWorker.run(SuiteRunnerWorker.java:96)
at org.testng.TestNG.runSuitesSequentially(TestNG.java:1212)
at org.testng.TestNG.runSuitesLocally(TestNG.java:1134)
at org.testng.TestNG.runSuites(TestNG.java:1063)
at org.testng.TestNG.run(TestNG.java:1031)
at org.testng.remote.AbstractRemoteTestNG.run(AbstractRemoteTestNG.java:115)
at org.testng.remote.RemoteTestNG.initAndRun(RemoteTestNG.java:251)
at org.testng.remote.RemoteTestNG.main(RemoteTestNG.java:77)
]]>
            </full-stacktrace>
          </exception> <!-- java.lang.AssertionError -->
          <reporter-output>
          </reporter-output>
        </test-method> <!-- failingTest -->
        <test-method status="SKIP" signature="skippedTest()[pri:6, instance:oracle.assignment.DockerTests@6a192cfe]" name="skippedTest" duration-ms="2" started-at="2021-10-04T08:39:36 IST" finished-at="2021-10-04T08:39:36 IST">
          <exception class="org.testng.SkipException">
            <message>
              <![CDATA[Skipping test]]>
            </message>
            <full-stacktrace>
              <![CDATA[org.testng.SkipException: Skipping test
at oracle.assignment.DockerTests.skippedTest(DockerTests.java:138)
at sun.reflect.NativeMethodAccessorImpl.invoke0(Native Method)
at sun.reflect.NativeMethodAccessorImpl.invoke(NativeMethodAccessorImpl.java:62)
at sun.reflect.DelegatingMethodAccessorImpl.invoke(DelegatingMethodAccessorImpl.java:43)
at java.lang.reflect.Method.invoke(Method.java:498)
at org.testng.internal.MethodInvocationHelper.invokeMethod(MethodInvocationHelper.java:133)
at org.testng.internal.TestInvoker.invokeMethod(TestInvoker.java:598)
at org.testng.internal.TestInvoker.invokeTestMethod(TestInvoker.java:173)
at org.testng.internal.MethodRunner.runInSequence(MethodRunner.java:46)
at org.testng.internal.TestInvoker$MethodInvocationAgent.invoke(TestInvoker.java:824)
at org.testng.internal.TestInvoker.invokeTestMethods(TestInvoker.java:146)
at org.testng.internal.TestMethodWorker.invokeTestMethods(TestMethodWorker.java:146)
at org.testng.internal.TestMethodWorker.run(TestMethodWorker.java:128)
at java.util.ArrayList.forEach(ArrayList.java:1257)
at org.testng.TestRunner.privateRun(TestRunner.java:794)
at org.testng.TestRunner.run(TestRunner.java:596)
at org.testng.SuiteRunner.runTest(SuiteRunner.java:377)
at org.testng.SuiteRunner.runSequentially(SuiteRunner.java:371)
at org.testng.SuiteRunner.privateRun(SuiteRunner.java:332)
at org.testng.SuiteRunner.run(SuiteRunner.java:276)
at org.testng.SuiteRunnerWorker.runSuite(SuiteRunnerWorker.java:53)
at org.testng.SuiteRunnerWorker.run(SuiteRunnerWorker.java:96)
at org.testng.TestNG.runSuitesSequentially(TestNG.java:1212)
at org.testng.TestNG.runSuitesLocally(TestNG.java:1134)
at org.testng.TestNG.runSuites(TestNG.java:1063)
at org.testng.TestNG.run(TestNG.java:1031)
at org.testng.remote.AbstractRemoteTestNG.run(AbstractRemoteTestNG.java:115)
at org.testng.remote.RemoteTestNG.initAndRun(RemoteTestNG.java:251)
at org.testng.remote.RemoteTestNG.main(RemoteTestNG.java:77)
]]>
            </full-stacktrace>
          </exception> <!-- org.testng.SkipException -->
          <reporter-output>
          </reporter-output>
        </test-method> <!-- skippedTest -->
        <test-method status="PASS" signature="endExecution()[pri:0, instance:oracle.assignment.DockerTests@6a192cfe]" name="endExecution" is-config="true" duration-ms="716" started-at="2021-10-04T08:39:36 IST" finished-at="2021-10-04T08:39:37 IST">
          <reporter-output>
          </reporter-output>
        </test-method> <!-- endExecution -->
      </class> <!-- oracle.assignment.DockerTests -->
    </test> <!-- Test -->
  </suite> <!-- Suite -->
</testng-results>
